EVENT 4 event at 1746171266.070968, code 04, type 04, val 15
EVENT 1 event at 1746171266.070968, code 15, type 01, val 01
keypress event at 1746171266.070968, code 15, type 01, val 01
Grabbed device11
EVENT 4 event at 1746171280.179105, code 04, type 04, val 15
EVENT 1 event at 1746171280.179105, code 15, type 01, val 01
keypress event at 1746171280.179105, code 15, type 01, val 01
Running
As Locked
Grabbed device
Main loop
EVENT 4 event at 1746171311.883143, code 04, type 04, val 28
EVENT 1 event at 1746171311.883143, code 28, type 01, val 01
keypress event at 1746171311.883143, code 28, type 01, val 01


--- Script started ---


--- Script started ---
READY


--- Script started ---


--- Script started ---
READY
Running
As Locked
Grabbed device
Main loop
EVENT 4 event at 1746171476.222035, code 04, type 04, val 02
EVENT 1 event at 1746171476.222035, code 02, type 01, val 01
keypress event at 1746171476.222035, code 02, type 01, val 01


--- Script started ---


--- Script started ---
READY


--- Script started ---


--- Script started ---
READY
Running
As Locked
Grabbed device
Main loop
EVENT 4 event at 1746171599.624063, code 04, type 04, val 25
EVENT 1 event at 1746171599.624063, code 25, type 01, val 01
keypress event at 1746171599.624063, code 25, type 01, val 01
Running
As Locked
Grabbed device
Main loop
